[0m11:33:07.322328 [debug] [MainThread]: Sending event: {'category': 'dbt', 'action': 'invocation', 'label': 'start', 'context': [<snowplow_tracker.self_describing_json.SelfDescribingJson object at 0x1066b3320>, <snowplow_tracker.self_describing_json.SelfDescribingJson object at 0x106b8e150>, <snowplow_tracker.self_describing_json.SelfDescribingJson object at 0x106b8df10>]}


============================== 11:33:07.325250 | eb66455e-c9bc-4f3f-9295-063f618e6462 ==============================
[0m11:33:07.325250 [info ] [MainThread]: Running with dbt=1.9.4
[0m11:33:07.325594 [debug] [MainThread]: running dbt with arguments {'printer_width': '80', 'indirect_selection': 'eager', 'write_json': 'True', 'log_cache_events': 'False', 'partial_parse': 'True', 'cache_selected_only': 'False', 'warn_error': 'None', 'debug': 'False', 'version_check': 'True', 'log_path': 'logs', 'fail_fast': 'False', 'profiles_dir': '/Users/bws/.dbt', 'use_colors': 'True', 'use_experimental_parser': 'False', 'empty': 'None', 'quiet': 'False', 'no_print': 'None', 'log_format': 'default', 'static_parser': 'True', 'warn_error_options': 'WarnErrorOptions(include=[], exclude=[])', 'introspect': 'True', 'target_path': 'None', 'invocation_command': 'dbt init course', 'send_anonymous_usage_stats': 'True'}
[0m11:33:07.334806 [debug] [MainThread]: Starter project path: /Users/bws/Documents/GitHub/dbt_airbnb/.venv/lib/python3.12/site-packages/dbt/include/starter_project
[0m11:33:07.338297 [info ] [MainThread]: 
Your new dbt project "course" was created!

For more information on how to configure the profiles.yml file,
please consult the dbt documentation here:

  https://docs.getdbt.com/docs/configure-your-profile

One more thing:

Need help? Don't hesitate to reach out to us via GitHub issues or on Slack:

  https://community.getdbt.com/

Happy modeling!

[0m11:33:07.338494 [info ] [MainThread]: Setting up your profile.
[0m11:36:27.514789 [info ] [MainThread]: Profile course written to /Users/bws/.dbt/profiles.yml using target's profile_template.yml and your supplied values. Run 'dbt debug' to validate the connection.
[0m11:36:27.573565 [debug] [MainThread]: Resource report: {"command_name": "init", "command_success": true, "command_wall_clock_time": 200.2906, "process_in_blocks": "0", "process_kernel_time": 0.185984, "process_mem_max_rss": "116621312", "process_out_blocks": "0", "process_user_time": 0.776499}
[0m11:36:27.574844 [debug] [MainThread]: Command `dbt init` succeeded at 11:36:27.574636 after 200.29 seconds
[0m11:36:27.575957 [debug] [MainThread]: Sending event: {'category': 'dbt', 'action': 'invocation', 'label': 'end', 'context': [<snowplow_tracker.self_describing_json.SelfDescribingJson object at 0x1066b3320>, <snowplow_tracker.self_describing_json.SelfDescribingJson object at 0x1074653a0>, <snowplow_tracker.self_describing_json.SelfDescribingJson object at 0x106344560>]}
[0m11:36:27.576732 [debug] [MainThread]: Flushing usage events
[0m11:36:27.867747 [debug] [MainThread]: An error was encountered while trying to flush usage events
[0m11:37:47.035843 [debug] [MainThread]: Sending event: {'category': 'dbt', 'action': 'invocation', 'label': 'start', 'context': [<snowplow_tracker.self_describing_json.SelfDescribingJson object at 0x10598a900>, <snowplow_tracker.self_describing_json.SelfDescribingJson object at 0x105aea060>, <snowplow_tracker.self_describing_json.SelfDescribingJson object at 0x105ae9df0>]}


============================== 11:37:47.038825 | 899a27db-723f-4c7c-9b28-293bd5aa7f9b ==============================
[0m11:37:47.038825 [info ] [MainThread]: Running with dbt=1.9.4
[0m11:37:47.039191 [debug] [MainThread]: running dbt with arguments {'printer_width': '80', 'indirect_selection': 'eager', 'log_cache_events': 'False', 'write_json': 'True', 'partial_parse': 'True', 'cache_selected_only': 'False', 'profiles_dir': '/Users/bws/.dbt', 'version_check': 'True', 'warn_error': 'None', 'log_path': 'logs', 'debug': 'False', 'fail_fast': 'False', 'use_colors': 'True', 'use_experimental_parser': 'False', 'no_print': 'None', 'quiet': 'False', 'empty': 'None', 'warn_error_options': 'WarnErrorOptions(include=[], exclude=[])', 'introspect': 'True', 'log_format': 'default', 'static_parser': 'True', 'target_path': 'None', 'invocation_command': 'dbt debug', 'send_anonymous_usage_stats': 'True'}
[0m11:37:47.048021 [info ] [MainThread]: dbt version: 1.9.4
[0m11:37:47.048265 [info ] [MainThread]: python version: 3.12.0
[0m11:37:47.048416 [info ] [MainThread]: python path: /Users/bws/Documents/GitHub/dbt_airbnb/.venv/bin/python
[0m11:37:47.048557 [info ] [MainThread]: os info: macOS-15.3.2-arm64-arm-64bit
[0m11:37:47.222466 [info ] [MainThread]: Using profiles dir at /Users/bws/.dbt
[0m11:37:47.223016 [info ] [MainThread]: Using profiles.yml file at /Users/bws/.dbt/profiles.yml
[0m11:37:47.223235 [info ] [MainThread]: Using dbt_project.yml file at /Users/bws/Documents/GitHub/dbt_airbnb/course/dbt_project.yml
[0m11:37:47.223620 [info ] [MainThread]: adapter type: snowflake
[0m11:37:47.223793 [info ] [MainThread]: adapter version: 1.9.2
[0m11:37:47.223952 [info ] [MainThread]: Configuration:
[0m11:37:47.224088 [info ] [MainThread]:   profiles.yml file [[32mOK found and valid[0m]
[0m11:37:47.224216 [info ] [MainThread]:   dbt_project.yml file [[31mERROR not found[0m]
[0m11:37:47.224347 [info ] [MainThread]: Required dependencies:
[0m11:37:47.224580 [debug] [MainThread]: Executing "git --help"
[0m11:37:47.247579 [debug] [MainThread]: STDOUT: "b"usage: git [-v | --version] [-h | --help] [-C <path>] [-c <name>=<value>]\n           [--exec-path[=<path>]] [--html-path] [--man-path] [--info-path]\n           [-p | --paginate | -P | --no-pager] [--no-replace-objects] [--bare]\n           [--git-dir=<path>] [--work-tree=<path>] [--namespace=<name>]\n           [--super-prefix=<path>] [--config-env=<name>=<envvar>]\n           <command> [<args>]\n\nThese are common Git commands used in various situations:\n\nstart a working area (see also: git help tutorial)\n   clone     Clone a repository into a new directory\n   init      Create an empty Git repository or reinitialize an existing one\n\nwork on the current change (see also: git help everyday)\n   add       Add file contents to the index\n   mv        Move or rename a file, a directory, or a symlink\n   restore   Restore working tree files\n   rm        Remove files from the working tree and from the index\n\nexamine the history and state (see also: git help revisions)\n   bisect    Use binary search to find the commit that introduced a bug\n   diff      Show changes between commits, commit and working tree, etc\n   grep      Print lines matching a pattern\n   log       Show commit logs\n   show      Show various types of objects\n   status    Show the working tree status\n\ngrow, mark and tweak your common history\n   branch    List, create, or delete branches\n   commit    Record changes to the repository\n   merge     Join two or more development histories together\n   rebase    Reapply commits on top of another base tip\n   reset     Reset current HEAD to the specified state\n   switch    Switch branches\n   tag       Create, list, delete or verify a tag object signed with GPG\n\ncollaborate (see also: git help workflows)\n   fetch     Download objects and refs from another repository\n   pull      Fetch from and integrate with another repository or a local branch\n   push      Update remote refs along with associated objects\n\n'git help -a' and 'git help -g' list available subcommands and some\nconcept guides. See 'git help <command>' or 'git help <concept>'\nto read about a specific subcommand or concept.\nSee 'git help git' for an overview of the system.\n""
[0m11:37:47.248408 [debug] [MainThread]: STDERR: "b''"
[0m11:37:47.248619 [info ] [MainThread]:  - git [[32mOK found[0m]

[0m11:37:47.248794 [info ] [MainThread]: Connection:
[0m11:37:47.248953 [info ] [MainThread]:   account: ocljtnh-gk34161
[0m11:37:47.249084 [info ] [MainThread]:   user: bstrubel
[0m11:37:47.249205 [info ] [MainThread]:   database: AIRBNB
[0m11:37:47.249321 [info ] [MainThread]:   warehouse: COMPUTE_WH
[0m11:37:47.249437 [info ] [MainThread]:   role: transform
[0m11:37:47.249560 [info ] [MainThread]:   schema: DEV
[0m11:37:47.249678 [info ] [MainThread]:   authenticator: None
[0m11:37:47.249789 [info ] [MainThread]:   oauth_client_id: None
[0m11:37:47.249902 [info ] [MainThread]:   query_tag: None
[0m11:37:47.250020 [info ] [MainThread]:   client_session_keep_alive: False
[0m11:37:47.250131 [info ] [MainThread]:   host: None
[0m11:37:47.250246 [info ] [MainThread]:   port: None
[0m11:37:47.250372 [info ] [MainThread]:   proxy_host: None
[0m11:37:47.250488 [info ] [MainThread]:   proxy_port: None
[0m11:37:47.250603 [info ] [MainThread]:   protocol: None
[0m11:37:47.250717 [info ] [MainThread]:   connect_retries: 1
[0m11:37:47.250832 [info ] [MainThread]:   connect_timeout: None
[0m11:37:47.250951 [info ] [MainThread]:   retry_on_database_errors: False
[0m11:37:47.251064 [info ] [MainThread]:   retry_all: False
[0m11:37:47.251174 [info ] [MainThread]:   insecure_mode: False
[0m11:37:47.251286 [info ] [MainThread]:   reuse_connections: True
[0m11:37:47.251657 [info ] [MainThread]: Registered adapter: snowflake=1.9.2
[0m11:37:47.319274 [debug] [MainThread]: Acquiring new snowflake connection 'debug'
[0m11:37:47.344897 [debug] [MainThread]: Using snowflake connection "debug"
[0m11:37:47.345162 [debug] [MainThread]: On debug: select 1 as id
[0m11:37:47.345319 [debug] [MainThread]: Opening a new connection, currently in state init
[0m11:37:48.346488 [debug] [MainThread]: Snowflake adapter: Error running SQL: select 1 as id
[0m11:37:48.347095 [debug] [MainThread]: Snowflake adapter: Rolling back transaction.
[0m11:37:48.347529 [info ] [MainThread]:   Connection test: [[31mERROR[0m]

[0m11:37:48.348020 [info ] [MainThread]: [31m2 checks failed:[0m
[0m11:37:48.348618 [info ] [MainThread]: Project loading failed for the following reason:
 project path </Users/bws/Documents/GitHub/dbt_airbnb/course/dbt_project.yml> not found

[0m11:37:48.348920 [info ] [MainThread]: dbt was unable to connect to the specified database.
The database returned the following error:

  >Database Error
  250001 (08001): Failed to connect to DB: ocljtnh-gk34161.snowflakecomputing.com:443. Incorrect username or password was specified.

Check your database credentials and try again. For more information, visit:
https://docs.getdbt.com/docs/configure-your-profile


[0m11:37:48.352191 [debug] [MainThread]: Resource report: {"command_name": "debug", "command_success": false, "command_wall_clock_time": 1.3575498, "process_in_blocks": "0", "process_kernel_time": 0.25348, "process_mem_max_rss": "137003008", "process_out_blocks": "0", "process_user_time": 1.028595}
[0m11:37:48.352861 [debug] [MainThread]: Command `dbt debug` failed at 11:37:48.352729 after 1.36 seconds
[0m11:37:48.353270 [debug] [MainThread]: Connection 'debug' was left open.
[0m11:37:48.353532 [debug] [MainThread]: On debug: No close available on handle
[0m11:37:48.353862 [debug] [MainThread]: Sending event: {'category': 'dbt', 'action': 'invocation', 'label': 'end', 'context': [<snowplow_tracker.self_describing_json.SelfDescribingJson object at 0x106c01820>, <snowplow_tracker.self_describing_json.SelfDescribingJson object at 0x106bf78c0>, <snowplow_tracker.self_describing_json.SelfDescribingJson object at 0x1063f1400>]}
[0m11:37:48.354282 [debug] [MainThread]: Flushing usage events
[0m11:37:48.571666 [debug] [MainThread]: An error was encountered while trying to flush usage events
